# JRE version: OpenJDK Runtime Environment Microsoft-11926163 (17.0.16+8) (build 17.0.16+8-LTS)
# Java VM: OpenJDK 64-Bit Server VM Microsoft-11926163 (17.0.16+8-LTS, mixed mode, sharing, tiered, compressed oops, compressed class ptrs, g1 gc, windows-amd64)
GC Precious Log:
 CPUs: 12 total, 12 available
 Memory: 16109M
 Large Page Support: Disabled
 NUMA Support: Disabled
 Compressed Oops: Enabled (Zero based)
 Heap Region Size: 2M
 Heap Min Capacity: 8M
 Heap Initial Capacity: 252M
 Heap Max Capacity: 4028M
 Pre-touch: Disabled
 Parallel Workers: 10
 Concurrent Workers: 3
 Concurrent Refinement Workers: 10
 Periodic GC: Disabled
Heap:
 garbage-first heap   total 159744K, used 120244K [0x0000000704400000, 0x0000000800000000)
  region size 2048K, 28 young (57344K), 1 survivors (2048K)
 Metaspace       used 55631K, committed 56000K, reserved 1114112K
  class space    used 6388K, committed 6592K, reserved 1048576K
GC Heap History (20 events):
Event: 6.128 GC heap before
{Heap before GC invocations=1 (full 0):
 garbage-first heap   total 258048K, used 42301K [0x0000000704400000, 0x0000000800000000)
  region size 2048K, 19 young (38912K), 2 survivors (4096K)
 Metaspace       used 13397K, committed 13632K, reserved 1114112K
  class space    used 1529K, committed 1664K, reserved 1048576K
}
Event: 6.133 GC heap after
{Heap after GC invocations=2 (full 0):
 garbage-first heap   total 258048K, used 10993K [0x0000000704400000, 0x0000000800000000)
  region size 2048K, 2 young (4096K), 2 survivors (4096K)
 Metaspace       used 13397K, committed 13632K, reserved 1114112K
  class space    used 1529K, committed 1664K, reserved 1048576K
}
Event: 6.857 GC heap before
{Heap before GC invocations=2 (full 0):
 garbage-first heap   total 258048K, used 45809K [0x0000000704400000, 0x0000000800000000)
  region size 2048K, 18 young (36864K), 2 survivors (4096K)
 Metaspace       used 21269K, committed 21504K, reserved 1114112K
  class space    used 2578K, committed 2688K, reserved 1048576K
}
Event: 6.862 GC heap after
{Heap after GC invocations=3 (full 0):
 garbage-first heap   total 258048K, used 17520K [0x0000000704400000, 0x0000000800000000)
  region size 2048K, 4 young (8192K), 4 survivors (8192K)
 Metaspace       used 21269K, committed 21504K, reserved 1114112K
  class space    used 2578K, committed 2688K, reserved 1048576K
}
Event: 7.265 GC heap before
{Heap before GC invocations=4 (full 0):
 garbage-first heap   total 75776K, used 60528K [0x0000000704400000, 0x0000000800000000)
  region size 2048K, 22 young (45056K), 4 survivors (8192K)
 Metaspace       used 23137K, committed 23424K, reserved 1114112K
  class space    used 2999K, committed 3136K, reserved 1048576K
}
Event: 7.280 GC heap after
{Heap after GC invocations=5 (full 0):
 garbage-first heap   total 79872K, used 26880K [0x0000000704400000, 0x0000000800000000)
  region size 2048K, 3 young (6144K), 3 survivors (6144K)
 Metaspace       used 23137K, committed 23424K, reserved 1114112K
  class space    used 2999K, committed 3136K, reserved 1048576K
}
Event: 7.300 GC heap before
{Heap before GC invocations=5 (full 0):
 garbage-first heap   total 79872K, used 28928K [0x0000000704400000, 0x0000000800000000)
  region size 2048K, 4 young (8192K), 3 survivors (6144K)
 Metaspace       used 23140K, committed 23424K, reserved 1114112K
  class space    used 2999K, committed 3136K, reserved 1048576K
}
Event: 7.308 GC heap after
{Heap after GC invocations=6 (full 0):
 garbage-first heap   total 79872K, used 29907K [0x0000000704400000, 0x0000000800000000)
  region size 2048K, 1 young (2048K), 1 survivors (2048K)
 Metaspace       used 23140K, committed 23424K, reserved 1114112K
  class space    used 2999K, committed 3136K, reserved 1048576K
}
Event: 7.798 GC heap before
{Heap before GC invocations=6 (full 0):
 garbage-first heap   total 79872K, used 52435K [0x0000000704400000, 0x0000000800000000)
  region size 2048K, 13 young (26624K), 1 survivors (2048K)
 Metaspace       used 26089K, committed 26368K, reserved 1114112K
  class space    used 3476K, committed 3584K, reserved 1048576K
}
Event: 7.806 GC heap after
{Heap after GC invocations=7 (full 0):
 garbage-first heap   total 79872K, used 32144K [0x0000000704400000, 0x0000000800000000)
  region size 2048K, 2 young (4096K), 2 survivors (4096K)
 Metaspace       used 26089K, committed 26368K, reserved 1114112K
  class space    used 3476K, committed 3584K, reserved 1048576K
}
Event: 9.162 GC heap before
{Heap before GC invocations=7 (full 0):
 garbage-first heap   total 79872K, used 60816K [0x0000000704400000, 0x0000000800000000)
  region size 2048K, 14 young (28672K), 2 survivors (4096K)
 Metaspace       used 30491K, committed 30784K, reserved 1114112K
  class space    used 3973K, committed 4096K, reserved 1048576K
}
Event: 9.179 GC heap after
{Heap after GC invocations=8 (full 0):
 garbage-first heap   total 159744K, used 43932K [0x0000000704400000, 0x0000000800000000)
  region size 2048K, 2 young (4096K), 2 survivors (4096K)
 Metaspace       used 30491K, committed 30784K, reserved 1114112K
  class space    used 3973K, committed 4096K, reserved 1048576K
}
Event: 10.612 GC heap before
{Heap before GC invocations=8 (full 0):
 garbage-first heap   total 159744K, used 72604K [0x0000000704400000, 0x0000000800000000)
  region size 2048K, 17 young (34816K), 2 survivors (4096K)
 Metaspace       used 35843K, committed 36096K, reserved 1114112K
  class space    used 4458K, committed 4608K, reserved 1048576K
}
Event: 10.623 GC heap after
{Heap after GC invocations=9 (full 0):
 garbage-first heap   total 159744K, used 46574K [0x0000000704400000, 0x0000000800000000)
  region size 2048K, 4 young (8192K), 4 survivors (8192K)
 Metaspace       used 35843K, committed 36096K, reserved 1114112K
  class space    used 4458K, committed 4608K, reserved 1048576K
}
Event: 12.507 GC heap before
{Heap before GC invocations=10 (full 0):
 garbage-first heap   total 159744K, used 110062K [0x0000000704400000, 0x0000000800000000)
  region size 2048K, 35 young (71680K), 4 survivors (8192K)
 Metaspace       used 42754K, committed 43072K, reserved 1114112K
  class space    used 5289K, committed 5440K, reserved 1048576K
}
Event: 12.514 GC heap after
{Heap after GC invocations=11 (full 0):
 garbage-first heap   total 159744K, used 50849K [0x0000000704400000, 0x0000000800000000)
  region size 2048K, 4 young (8192K), 4 survivors (8192K)
 Metaspace       used 42754K, committed 43072K, reserved 1114112K
  class space    used 5289K, committed 5440K, reserved 1048576K
}
Event: 13.907 GC heap before
{Heap before GC invocations=11 (full 0):
 garbage-first heap   total 159744K, used 114337K [0x0000000704400000, 0x0000000800000000)
  region size 2048K, 35 young (71680K), 4 survivors (8192K)
 Metaspace       used 49071K, committed 49472K, reserved 1114112K
  class space    used 5889K, committed 6080K, reserved 1048576K
}
Event: 13.923 GC heap after
{Heap after GC invocations=12 (full 0):
 garbage-first heap   total 159744K, used 58502K [0x0000000704400000, 0x0000000800000000)
  region size 2048K, 5 young (10240K), 5 survivors (10240K)
 Metaspace       used 49071K, committed 49472K, reserved 1114112K
  class space    used 5889K, committed 6080K, reserved 1048576K
}
Event: 16.639 GC heap before
{Heap before GC invocations=12 (full 0):
 garbage-first heap   total 159744K, used 117894K [0x0000000704400000, 0x0000000800000000)
  region size 2048K, 34 young (69632K), 5 survivors (10240K)
 Metaspace       used 54370K, committed 54720K, reserved 1114112K
  class space    used 6336K, committed 6528K, reserved 1048576K
}
Event: 16.666 GC heap after
{Heap after GC invocations=13 (full 0):
 garbage-first heap   total 159744K, used 64948K [0x0000000704400000, 0x0000000800000000)
  region size 2048K, 3 young (6144K), 3 survivors (6144K)
 Metaspace       used 54370K, committed 54720K, reserved 1114112K
  class space    used 6336K, committed 6528K, reserved 1048576K
}

