# JRE version: OpenJDK Runtime Environment Microsoft-11926163 (17.0.16+8) (build 17.0.16+8-LTS)
# Java VM: OpenJDK 64-Bit Server VM Microsoft-11926163 (17.0.16+8-LTS, mixed mode, sharing, tiered, compressed oops, compressed class ptrs, g1 gc, windows-amd64)
GC Precious Log:
 CPUs: 12 total, 12 available
 Memory: 16109M
 Large Page Support: Disabled
 NUMA Support: Disabled
 Compressed Oops: Enabled (32-bit)
 Heap Region Size: 1M
 Heap Min Capacity: 8M
 Heap Initial Capacity: 252M
 Heap Max Capacity: 2G
 Pre-touch: Disabled
 Parallel Workers: 10
 Concurrent Workers: 3
 Concurrent Refinement Workers: 10
 Periodic GC: Disabled
Heap:
 garbage-first heap   total 270336K, used 182262K [0x0000000080000000, 0x0000000100000000)
  region size 1024K, 30 young (30720K), 5 survivors (5120K)
 Metaspace       used 126990K, committed 128064K, reserved 557056K
  class space    used 17052K, committed 17600K, reserved 425984K
GC Heap History (20 events):
Event: 862.010 GC heap before
{Heap before GC invocations=43 (full 0):
 garbage-first heap   total 266240K, used 209879K [0x0000000080000000, 0x0000000100000000)
  region size 1024K, 105 young (107520K), 13 survivors (13312K)
 Metaspace       used 95906K, committed 96640K, reserved 557056K
  class space    used 12897K, committed 13248K, reserved 425984K
}
Event: 862.033 GC heap after
{Heap after GC invocations=44 (full 0):
 garbage-first heap   total 266240K, used 118133K [0x0000000080000000, 0x0000000100000000)
  region size 1024K, 6 young (6144K), 6 survivors (6144K)
 Metaspace       used 95906K, committed 96640K, reserved 557056K
  class space    used 12897K, committed 13248K, reserved 425984K
}
Event: 1205.667 GC heap before
{Heap before GC invocations=44 (full 0):
 garbage-first heap   total 266240K, used 209269K [0x0000000080000000, 0x0000000100000000)
  region size 1024K, 96 young (98304K), 6 survivors (6144K)
 Metaspace       used 96839K, committed 97600K, reserved 557056K
  class space    used 12936K, committed 13312K, reserved 425984K
}
Event: 1205.675 GC heap after
{Heap after GC invocations=45 (full 0):
 garbage-first heap   total 266240K, used 128815K [0x0000000080000000, 0x0000000100000000)
  region size 1024K, 12 young (12288K), 12 survivors (12288K)
 Metaspace       used 96839K, committed 97600K, reserved 557056K
  class space    used 12936K, committed 13312K, reserved 425984K
}
Event: 1404.966 GC heap before
{Heap before GC invocations=45 (full 0):
 garbage-first heap   total 266240K, used 210735K [0x0000000080000000, 0x0000000100000000)
  region size 1024K, 93 young (95232K), 12 survivors (12288K)
 Metaspace       used 97358K, committed 98176K, reserved 557056K
  class space    used 12958K, committed 13376K, reserved 425984K
}
Event: 1404.976 GC heap after
{Heap after GC invocations=46 (full 0):
 garbage-first heap   total 266240K, used 137745K [0x0000000080000000, 0x0000000100000000)
  region size 1024K, 9 young (9216K), 9 survivors (9216K)
 Metaspace       used 97358K, committed 98176K, reserved 557056K
  class space    used 12958K, committed 13376K, reserved 425984K
}
Event: 2500.601 GC heap before
{Heap before GC invocations=46 (full 0):
 garbage-first heap   total 266240K, used 213521K [0x0000000080000000, 0x0000000100000000)
  region size 1024K, 84 young (86016K), 9 survivors (9216K)
 Metaspace       used 98180K, committed 99072K, reserved 557056K
  class space    used 13026K, committed 13440K, reserved 425984K
}
Event: 2500.606 GC heap after
{Heap after GC invocations=47 (full 0):
 garbage-first heap   total 266240K, used 133635K [0x0000000080000000, 0x0000000100000000)
  region size 1024K, 3 young (3072K), 3 survivors (3072K)
 Metaspace       used 98180K, committed 99072K, reserved 557056K
  class space    used 13026K, committed 13440K, reserved 425984K
}
Event: 2507.524 GC heap before
{Heap before GC invocations=47 (full 0):
 garbage-first heap   total 266240K, used 215555K [0x0000000080000000, 0x0000000100000000)
  region size 1024K, 84 young (86016K), 3 survivors (3072K)
 Metaspace       used 104293K, committed 105280K, reserved 557056K
  class space    used 13882K, committed 14336K, reserved 425984K
}
Event: 2507.531 GC heap after
{Heap after GC invocations=48 (full 0):
 garbage-first heap   total 266240K, used 140054K [0x0000000080000000, 0x0000000100000000)
  region size 1024K, 9 young (9216K), 9 survivors (9216K)
 Metaspace       used 104293K, committed 105280K, reserved 557056K
  class space    used 13882K, committed 14336K, reserved 425984K
}
Event: 2576.133 GC heap before
{Heap before GC invocations=48 (full 0):
 garbage-first heap   total 266240K, used 216854K [0x0000000080000000, 0x0000000100000000)
  region size 1024K, 85 young (87040K), 9 survivors (9216K)
 Metaspace       used 106540K, committed 107584K, reserved 557056K
  class space    used 14197K, committed 14720K, reserved 425984K
}
Event: 2576.140 GC heap after
{Heap after GC invocations=49 (full 0):
 garbage-first heap   total 266240K, used 141888K [0x0000000080000000, 0x0000000100000000)
  region size 1024K, 6 young (6144K), 6 survivors (6144K)
 Metaspace       used 106540K, committed 107584K, reserved 557056K
  class space    used 14197K, committed 14720K, reserved 425984K
}
Event: 2576.966 GC heap before
{Heap before GC invocations=49 (full 0):
 garbage-first heap   total 266240K, used 219712K [0x0000000080000000, 0x0000000100000000)
  region size 1024K, 81 young (82944K), 6 survivors (6144K)
 Metaspace       used 106725K, committed 107776K, reserved 557056K
  class space    used 14209K, committed 14720K, reserved 425984K
}
Event: 2576.971 GC heap after
{Heap after GC invocations=50 (full 0):
 garbage-first heap   total 266240K, used 142916K [0x0000000080000000, 0x0000000100000000)
  region size 1024K, 7 young (7168K), 7 survivors (7168K)
 Metaspace       used 106725K, committed 107776K, reserved 557056K
  class space    used 14209K, committed 14720K, reserved 425984K
}
Event: 2578.518 GC heap before
{Heap before GC invocations=50 (full 0):
 garbage-first heap   total 266240K, used 227908K [0x0000000080000000, 0x0000000100000000)
  region size 1024K, 84 young (86016K), 7 survivors (7168K)
 Metaspace       used 113679K, committed 114688K, reserved 557056K
  class space    used 14992K, committed 15488K, reserved 425984K
}
Event: 2578.529 GC heap after
{Heap after GC invocations=51 (full 0):
 garbage-first heap   total 266240K, used 147907K [0x0000000080000000, 0x0000000100000000)
  region size 1024K, 7 young (7168K), 7 survivors (7168K)
 Metaspace       used 113679K, committed 114688K, reserved 557056K
  class space    used 14992K, committed 15488K, reserved 425984K
}
Event: 2584.376 GC heap before
{Heap before GC invocations=51 (full 0):
 garbage-first heap   total 266240K, used 223683K [0x0000000080000000, 0x0000000100000000)
  region size 1024K, 80 young (81920K), 7 survivors (7168K)
 Metaspace       used 119194K, committed 120256K, reserved 557056K
  class space    used 15747K, committed 16256K, reserved 425984K
}
Event: 2584.382 GC heap after
{Heap after GC invocations=52 (full 0):
 garbage-first heap   total 266240K, used 153142K [0x0000000080000000, 0x0000000100000000)
  region size 1024K, 10 young (10240K), 10 survivors (10240K)
 Metaspace       used 119194K, committed 120256K, reserved 557056K
  class space    used 15747K, committed 16256K, reserved 425984K
}
Event: 2585.934 GC heap before
{Heap before GC invocations=52 (full 0):
 garbage-first heap   total 266240K, used 199222K [0x0000000080000000, 0x0000000100000000)
  region size 1024K, 56 young (57344K), 10 survivors (10240K)
 Metaspace       used 124934K, committed 126016K, reserved 557056K
  class space    used 16737K, committed 17280K, reserved 425984K
}
Event: 2585.942 GC heap after
{Heap after GC invocations=53 (full 0):
 garbage-first heap   total 266240K, used 157686K [0x0000000080000000, 0x0000000100000000)
  region size 1024K, 5 young (5120K), 5 survivors (5120K)
 Metaspace       used 124934K, committed 126016K, reserved 557056K
  class space    used 16737K, committed 17280K, reserved 425984K
}

